2021-04-26 01:17:26.009  INFO 2124 --- [restartedMain] tn.esprit.spring.PidevApplication        : Starting PidevApplication using Java 1.8.0_60 on DESKTOP-EUOMEKT with PID 2124 (C:\Users\ASUS\git\pidev\pidev\target\classes started by ASUS in C:\Users\ASUS\git\pidev\pidev)
2021-04-26 01:17:26.052  INFO 2124 --- [restartedMain] tn.esprit.spring.PidevApplication        : No active profile set, falling back to default profiles: default
2021-04-26 01:17:26.193  INFO 2124 --- [restartedMain] o.s.b.devtools.restart.ChangeableUrls    : The Class-Path manifest attribute in C:\Users\ASUS\.m2\repository\javax\mail\mail\1.4\mail-1.4.jar referenced one or more files that do not exist: file:/C:/Users/ASUS/.m2/repository/javax/mail/mail/1.4/activation.jar
2021-04-26 01:17:26.194  INFO 2124 --- [restartedMain] .e.DevToolsPropertyDefaultsPostProcessor : Devtools property defaults active! Set 'spring.devtools.add-properties' to 'false' to disable
2021-04-26 01:17:26.194  INFO 2124 --- [restartedMain] .e.DevToolsPropertyDefaultsPostProcessor : For additional web related logging consider setting the 'logging.level.web' property to 'DEBUG'
2021-04-26 01:17:27.608  INFO 2124 --- [restartedMain] .s.d.r.c.RepositoryConfigurationDelegate : Bootstrapping Spring Data JPA repositories in DEFAULT mode.
2021-04-26 01:17:27.761  INFO 2124 --- [restartedMain] .s.d.r.c.RepositoryConfigurationDelegate : Finished Spring Data repository scanning in 138 ms. Found 13 JPA repository interfaces.
2021-04-26 01:17:29.084  INFO 2124 --- [restartedMain] o.s.b.w.embedded.tomcat.TomcatWebServer  : Tomcat initialized with port(s): 8082 (http)
2021-04-26 01:17:29.108  INFO 2124 --- [restartedMain] o.apache.catalina.core.StandardService   : Starting service [Tomcat]
2021-04-26 01:17:29.110  INFO 2124 --- [restartedMain] org.apache.catalina.core.StandardEngine  : Starting Servlet engine: [Apache Tomcat/9.0.43]
2021-04-26 01:17:29.252  INFO 2124 --- [restartedMain] o.a.c.c.C.[Tomcat].[localhost].[/pidev]  : Initializing Spring embedded WebApplicationContext
2021-04-26 01:17:29.253  INFO 2124 --- [restartedMain] w.s.c.ServletWebServerApplicationContext : Root WebApplicationContext: initialization completed in 3058 ms
2021-04-26 01:17:29.689  INFO 2124 --- [restartedMain] o.hibernate.jpa.internal.util.LogHelper  : HHH000204: Processing PersistenceUnitInfo [name: default]
2021-04-26 01:17:29.763  INFO 2124 --- [restartedMain] org.hibernate.Version                    : HHH000412: Hibernate ORM core version 5.4.28.Final
2021-04-26 01:17:29.951  INFO 2124 --- [restartedMain] o.hibernate.annotations.common.Version   : HCANN000001: Hibernate Commons Annotations {5.1.2.Final}
2021-04-26 01:17:30.107  INFO 2124 --- [restartedMain] com.zaxxer.hikari.HikariDataSource       : HikariPool-1 - Starting...
2021-04-26 01:17:30.677  INFO 2124 --- [restartedMain] com.zaxxer.hikari.HikariDataSource       : HikariPool-1 - Start completed.
2021-04-26 01:17:30.694  INFO 2124 --- [restartedMain] org.hibernate.dialect.Dialect            : HHH000400: Using dialect: org.hibernate.dialect.MySQL5Dialect
2021-04-26 01:17:31.512  INFO 2124 --- [restartedMain] org.hibernate.tuple.PojoInstantiator     : HHH000182: No default (no-argument) constructor for class: tn.esprit.spring.entity.Accounting (class must be instantiated by Interceptor)
2021-04-26 01:17:34.269  INFO 2124 --- [restartedMain] o.h.e.t.j.p.i.JtaPlatformInitiator       : HHH000490: Using JtaPlatform implementation: [org.hibernate.engine.transaction.jta.platform.internal.NoJtaPlatform]
2021-04-26 01:17:34.278  INFO 2124 --- [restartedMain] j.LocalContainerEntityManagerFactoryBean : Initialized JPA EntityManagerFactory for persistence unit 'default'
2021-04-26 01:17:34.308  INFO 2124 --- [restartedMain] o.s.b.d.a.OptionalLiveReloadServer       : LiveReload server is running on port 35729
2021-04-26 01:17:34.599  INFO 2124 --- [RMI TCP Connection(2)-127.0.0.1] inMXBeanRegistrar$SpringApplicationAdmin : Application shutdown requested.
2021-04-26 01:17:35.859  WARN 2124 --- [restartedMain] JpaBaseConfiguration$JpaWebConfiguration : spring.jpa.open-in-view is enabled by default. Therefore, database queries may be performed during view rendering. Explicitly configure spring.jpa.open-in-view to disable this warning
2021-04-26 01:17:36.030  INFO 2124 --- [RMI TCP Connection(3)-127.0.0.1] inMXBeanRegistrar$SpringApplicationAdmin : Application shutdown requested.
2021-04-26 01:17:37.391  INFO 2124 --- [restartedMain] o.s.s.web.DefaultSecurityFilterChain     : Creating filter chain: org.springframework.security.web.util.matcher.AnyRequestMatcher@1, [org.springframework.security.web.context.request.async.WebAsyncManagerIntegrationFilter@ca21dd4, org.springframework.security.web.context.SecurityContextPersistenceFilter@1548056, org.springframework.security.web.header.HeaderWriterFilter@26f3d42a, org.springframework.security.web.authentication.logout.LogoutFilter@6de2319f, org.springframework.security.web.authentication.www.BasicAuthenticationFilter@58ab46e8, org.springframework.security.web.savedrequest.RequestCacheAwareFilter@217a6db1, org.springframework.security.web.servletapi.SecurityContextHolderAwareRequestFilter@2803ef6e, org.springframework.security.web.authentication.AnonymousAuthenticationFilter@72801d02, org.springframework.security.web.session.SessionManagementFilter@56251cbd, org.springframework.security.web.access.ExceptionTranslationFilter@3c5b3e8e, org.springframework.security.web.access.intercept.FilterSecurityInterceptor@64b4f7ac]
2021-04-26 01:17:37.631  INFO 2124 --- [restartedMain] o.s.s.concurrent.ThreadPoolTaskExecutor  : Initializing ExecutorService 'applicationTaskExecutor'
2021-04-26 01:17:39.302  INFO 2124 --- [restartedMain] o.s.b.w.embedded.tomcat.TomcatWebServer  : Tomcat started on port(s): 8082 (http) with context path '/pidev'
2021-04-26 01:17:41.127  INFO 2124 --- [restartedMain] tn.esprit.spring.PidevApplication        : Started PidevApplication in 15.836 seconds (JVM running for 16.866)
2021-04-26 01:17:41.452  INFO 2124 --- [RMI TCP Connection(3)-127.0.0.1] o.s.s.concurrent.ThreadPoolTaskExecutor  : Shutting down ExecutorService 'applicationTaskExecutor'
2021-04-26 01:17:41.481  INFO 2124 --- [RMI TCP Connection(3)-127.0.0.1] j.LocalContainerEntityManagerFactoryBean : Closing JPA EntityManagerFactory for persistence unit 'default'
2021-04-26 01:17:41.490  INFO 2124 --- [RMI TCP Connection(3)-127.0.0.1] com.zaxxer.hikari.HikariDataSource       : HikariPool-1 - Shutdown initiated...
2021-04-26 01:17:41.524  INFO 2124 --- [RMI TCP Connection(3)-127.0.0.1] com.zaxxer.hikari.HikariDataSource       : HikariPool-1 - Shutdown completed.
